<?xml version="1.0" encoding="UTF-8"?>
<!-- Generated by org.testng.reporters.JUnitReportReporter -->
<testsuite skipped="0" hostname="zied-HP-Compaq-dx7500-Microtower" name="com.selogerDocker.tests.AuthentificationTest" tests="1" failures="0" timestamp="15 mai 2018 14:51:00 GMT" time="21.926" errors="0">
  <testcase name="authentifierSLG" time="21.926" classname="com.selogerDocker.tests.AuthentificationTest"/>
</testsuite> <!-- com.selogerDocker.tests.AuthentificationTest -->
